<?xml version="1.0" encoding="UTF-8"?>
<!-- Generated by org.testng.reporters.JUnitReportReporter -->
<testsuite hostname="DESKTOP-S7T2DBP" failures="0" tests="1" name="com.Magento.Testcase.Search3rdProduct" time="68.623" errors="0" timestamp="2024-05-11T17:00:30 IST" skipped="0">
  <testcase classname="com.Magento.Testcase.Search3rdProduct" name="verifySearchModule" time="68.623"/>
</testsuite> <!-- com.Magento.Testcase.Search3rdProduct -->
